<?xml version="1.0" encoding="UTF-8"?>
<testng-results ignored="0" total="1" passed="1" failed="0" skipped="0">
  <reporter-output>
  </reporter-output>
  <suite started-at="2024-03-13T05:12:40Z" name="Surefire suite" finished-at="2024-03-13T05:12:47Z" duration-ms="7469">
    <groups>
    </groups>
    <test started-at="2024-03-13T05:12:40Z" name="Surefire test" finished-at="2024-03-13T05:12:47Z" duration-ms="7469">
      <class name="com.vtiger.test.TestCases">
        <test-method signature="testcase1()[pri:0, instance:com.vtiger.test.TestCases@3270d194]" started-at="2024-03-13T05:12:40Z" name="testcase1" finished-at="2024-03-13T05:12:47Z" duration-ms="7419" status="PASS">
          <reporter-output>
          </reporter-output>
        </test-method> <!-- testcase1 -->
      </class> <!-- com.vtiger.test.TestCases -->
    </test> <!-- Surefire test -->
  </suite> <!-- Surefire suite -->
</testng-results>
