<?xml version="1.0" encoding="UTF-8"?>
<testng-results ignored="0" total="1" passed="1" failed="0" skipped="0">
  <reporter-output>
  </reporter-output>
  <suite started-at="2024-03-13T05:02:21Z" name="Default suite" finished-at="2024-03-13T05:02:32Z" duration-ms="10626">
    <groups>
    </groups>
    <test started-at="2024-03-13T05:02:21Z" name="Default test" finished-at="2024-03-13T05:02:32Z" duration-ms="10626">
      <class name="com.vtiger.test.TestCases">
        <test-method signature="testcase1()[pri:0, instance:com.vtiger.test.TestCases@43b9fd5]" started-at="2024-03-13T05:02:21Z" name="testcase1" finished-at="2024-03-13T05:02:32Z" duration-ms="10557" status="PASS">
          <reporter-output>
          </reporter-output>
        </test-method> <!-- testcase1 -->
      </class> <!-- com.vtiger.test.TestCases -->
    </test> <!-- Default test -->
  </suite> <!-- Default suite -->
</testng-results>
